{
  "RSpec": {
    "coverage": {
      "/Users/ecasilla/dev/wdi/mailman/app/models/email_template.rb": [
        1,
        1,
        1,
        null,
        1,
        0,
        0,
        null,
        0,
        null,
        null,
        null,
        null,
        1,
        1,
        1,
        1,
        1,
        null,
        null,
        null
      ],
      "/Users/ecasilla/dev/wdi/mailman/app/models/campaign.rb": [
        1,
        1,
        1,
        1,
        null,
        1,
        0,
        0,
        null,
        0,
        null,
        null,
        null
      ],
      "/Users/ecasilla/dev/wdi/mailman/app/models/user.rb": [
        1,
        1,
        1,
        1,
        1,
        1,
        1,
        null,
        null,
        null,
        null,
        null,
        null,
        1,
        null,
        null,
        1,
        0,
        null,
        null,
        1,
        2,
        null,
        null,
        null,
        null
      ],
      "/Users/ecasilla/dev/wdi/mailman/app/models/api_key.rb": [
        1,
        1,
        1,
        null,
        1,
        null,
        1,
        null,
        2,
        2,
        null,
        null,
        null
      ],
      "/Users/ecasilla/dev/wdi/mailman/app/models/recipient.rb": [
        1,
        1,
        1,
        1,
        1,
        null,
        null,
        null,
        null,
        null,
        null,
        null,
        1,
        0,
        0,
        null,
        0,
        null,
        null,
        null,
        null
      ]
    },
    "timestamp": 1387401622
  }
}
