{
  "RSpec": {
    "coverage": {
      "/Users/ecasilla/dev/wdi/mailman/app/mailers/campaign_mailer.rb": [
        1,
        1,
        0,
        0,
        null,
        0,
        null,
        null,
        null
      ],
      "/Users/ecasilla/dev/wdi/mailman/spec/models/api_key_spec.rb": [
        1,
        null
      ],
      "/Users/ecasilla/dev/wdi/mailman/spec/models/campaigns_spec.rb": [
        1
      ],
      "/Users/ecasilla/dev/wdi/mailman/spec/models/email_templates_spec.rb": [
        1,
        null,
        1,
        1,
        2,
        2,
        null,
        null,
        1,
        2,
        2,
        null,
        1,
        1,
        null,
        null,
        null
      ],
      "/Users/ecasilla/dev/wdi/mailman/app/models/email_template.rb": [
        1,
        1,
        1,
        null,
        1,
        0,
        0,
        null,
        0,
        null,
        null,
        null,
        null,
        1,
        1,
        1,
        1,
        1,
        null,
        null,
        null
      ],
      "/Users/ecasilla/dev/wdi/mailman/spec/models/recipients_spec.rb": [
        1,
        null,
        1,
        1,
        2,
        2,
        2,
        null,
        null
      ],
      "/Users/ecasilla/dev/wdi/mailman/app/models/recipient.rb": [
        1,
        1,
        1,
        1,
        1,
        1,
        null,
        null,
        null,
        1,
        0,
        0,
        null,
        0,
        null,
        null,
        null,
        1,
        0,
        0,
        0,
        0,
        null,
        0,
        0,
        0,
        0,
        0,
        0,
        0,
        null,
        0,
        0,
        0,
        null,
        null,
        null,
        null
      ],
      "/Users/ecasilla/dev/wdi/mailman/spec/models/user_spec.rb": [
        1,
        null,
        1,
        1,
        2,
        2,
        null,
        null,
        1,
        2,
        1,
        1,
        null,
        null,
        null
      ],
      "/Users/ecasilla/dev/wdi/mailman/app/models/user.rb": [
        1,
        1,
        1,
        1,
        1,
        1,
        1,
        1,
        null,
        1,
        0,
        null,
        null,
        1,
        3,
        null,
        null,
        null,
        null
      ],
      "/Users/ecasilla/dev/wdi/mailman/app/models/api_key.rb": [
        1,
        1,
        1,
        null,
        1,
        null,
        1,
        null,
        3,
        3,
        null,
        null,
        null
      ],
      "/Users/ecasilla/dev/wdi/mailman/app/models/campaign.rb": [
        1,
        1,
        1,
        1,
        null,
        1,
        0,
        0,
        null,
        0,
        null,
        null,
        null
      ]
    },
    "timestamp": 1387470000
  }
}
